#
# A fatal error has been detected by the Java Runtime Environment:
#
#  SIGSEGV (0xb) at pc=0xb6eac65b, pid=4188, tid=1840089968
#
# JRE version: 6.0_20-b20
# Java VM: OpenJDK Server VM (19.0-b09 mixed mode linux-x86 )
# Derivative: IcedTea6 1.9.13
# Distribution: Ubuntu 10.10, package 6b20-1.9.13-0ubuntu1~10.10.1
# Problematic frame:
# V  [libjvm.so+0x49465b]
#
# If you would like to submit a bug report, please include
# instructions how to reproduce the bug and visit:
#   https://bugs.launchpad.net/ubuntu/+source/openjdk-6/
#

---------------  T H R E A D  ---------------

Current thread (0x6df36c00):  JavaThread "CompilerThread1" daemon [_thread_in_native, id=4205, stack(0x6da58000,0x6dad9000)]

siginfo:si_signo=SIGSEGV: si_errno=0, si_code=1 (SEGV_MAPERR), si_addr=0x00000004

Registers:
EAX=0x00000000, EBX=0xb7121ff4, ECX=0x00001300, EDX=0x6c9d67d0
ESP=0x6dad6820, EBP=0x6dad6868, ESI=0x6dad70fc, EDI=0x6c510028
EIP=0xb6eac65b, CR2=0x00000004, EFLAGS=0x00210283

Register to memory mapping:

EAX=0x00000000
0x00000000 is pointing to unknown location

EBX=0xb7121ff4
0xb7121ff4: <offset 0x709ff4> in /usr/lib/jvm/java-6-openjdk/jre/lib/i386/server/libjvm.so at 0xb6a18000

ECX=0x00001300
0x00001300 is pointing to unknown location

EDX=0x6c9d67d0
0x6c9d67d0 is pointing to unknown location

ESP=0x6dad6820
0x6dad6820 is pointing into the stack for thread: 0x6df36c00
"CompilerThread1" daemon prio=10 tid=0x6df36c00 nid=0x106d runnable [0x00000000]
   java.lang.Thread.State: RUNNABLE

EBP=0x6dad6868
0x6dad6868 is pointing into the stack for thread: 0x6df36c00
"CompilerThread1" daemon prio=10 tid=0x6df36c00 nid=0x106d runnable [0x00000000]
   java.lang.Thread.State: RUNNABLE

ESI=0x6dad70fc
0x6dad70fc is pointing into the stack for thread: 0x6df36c00
"CompilerThread1" daemon prio=10 tid=0x6df36c00 nid=0x106d runnable [0x00000000]
   java.lang.Thread.State: RUNNABLE

EDI=0x6c510028
0x6c510028 is pointing to unknown location


Top of Stack: (sp=0x6dad6820)
0x6dad6820:   b76658b6 b766594d b7121ff4 00002000
0x6dad6830:   6d111310 00000000 00000400 6dad710c
0x6dad6840:   6d78a784 00510028 6d32ce70 0000133b
0x6dad6850:   6df36f28 6c500020 6c500030 b7121ff4
0x6dad6860:   6bfed44c 6d3317f8 6dad68e8 b6eacc0c
0x6dad6870:   6dad70fc 6bfed44c 00000002 00000002
0x6dad6880:   6c5e1ed0 00000000 00007ff0 00000002
0x6dad6890:   00000008 6df36f28 6dad68c8 00000004 

Instructions: (pc=0xb6eac65b)
0xb6eac64b:   50 1c 89 45 e0 8b 86 d0 02 00 00 8d 14 90 8b 02
0xb6eac65b:   8b 48 04 8b 39 85 ff 75 1f 8b 7e 14 90 8b 48 1c 

Stack: [0x6da58000,0x6dad9000],  sp=0x6dad6820,  free space=506k
Native frames: (J=compiled Java code, j=interpreted, Vv=VM code, C=native code)
V  [libjvm.so+0x49465b]
V  [libjvm.so+0x494c0c]
V  [libjvm.so+0x49a3f7]
V  [libjvm.so+0x252e89]
V  [libjvm.so+0x253a2c]
V  [libjvm.so+0x1dd4c3]
V  [libjvm.so+0x2581ea]
V  [libjvm.so+0x258d97]
V  [libjvm.so+0x609338]
V  [libjvm.so+0x60ef5c]
V  [libjvm.so+0x60f022]
V  [libjvm.so+0x51f821]
C  [libpthread.so.0+0x5cc9]


Current CompileTask:
C2:572      jregex.Pretokenizer.next()V (1064 bytes)


---------------  P R O C E S S  ---------------

Java Threads: ( => current thread )
  0x08ed1800 JavaThread "net.sf.ehcache.CacheManager@127669d" daemon [_thread_blocked, id=4737, stack(0x6d0af000,0x6d100000)]
  0x6d79ec00 JavaThread "New I/O server worker #1-8" [_thread_in_native, id=4736, stack(0x6caaf000,0x6cb00000)]
  0x08ed7400 JavaThread "H2 Log Writer PLAY" daemon [_thread_blocked, id=4222, stack(0x6ce0d000,0x6ce5e000)]
  0x08ed5c00 JavaThread "H2 File Lock Watchdog /home/axel/Transat/git/server/db/h2/play.lock.db" daemon [_thread_blocked, id=4221, stack(0x6c827000,0x6c878000)]
  0x6cdefc00 JavaThread "com.mchange.v2.async.ThreadPoolAsynchronousRunner$PoolThread-#2" daemon [_thread_blocked, id=4220, stack(0x6ce5e000,0x6ceaf000)]
  0x6cde3000 JavaThread "com.mchange.v2.async.ThreadPoolAsynchronousRunner$PoolThread-#1" daemon [_thread_blocked, id=4219, stack(0x6ceaf000,0x6cf00000)]
  0x6cdf2400 JavaThread "com.mchange.v2.async.ThreadPoolAsynchronousRunner$PoolThread-#0" daemon [_thread_in_Java, id=4218, stack(0x6d00d000,0x6d05e000)]
  0x6cda7800 JavaThread "Timer-0" daemon [_thread_blocked, id=4217, stack(0x6d05e000,0x6d0af000)]
  0x6dfae000 JavaThread "play-thread-1" [_thread_in_native, id=4212, stack(0x6d22f000,0x6d280000)]
  0x08632400 JavaThread "DestroyJavaVM" [_thread_blocked, id=4189, stack(0xb69a1000,0xb69f2000)]
  0x08da9400 JavaThread "New I/O server boss #1 ([id: 0x002006a0, /0:0:0:0:0:0:0:0:9000])" [_thread_in_native, id=4209, stack(0x6d2af000,0x6d300000)]
  0x6df38800 JavaThread "Low Memory Detector" daemon [_thread_blocked, id=4206, stack(0x6da07000,0x6da58000)]
=>0x6df36c00 JavaThread "CompilerThread1" daemon [_thread_in_native, id=4205, stack(0x6da58000,0x6dad9000)]
  0x6df34400 JavaThread "CompilerThread0" daemon [_thread_blocked, id=4204, stack(0x6dad9000,0x6db5a000)]
  0x6df32800 JavaThread "JDWP Event Helper Thread" daemon [_thread_blocked, id=4203, stack(0x6db5a000,0x6dbab000)]
  0x6df30000 JavaThread "JDWP Transport Listener: dt_socket" daemon [_thread_in_native, id=4202, stack(0x6dbab000,0x6dbfc000)]
  0x6df0f800 JavaThread "Signal Dispatcher" daemon [_thread_blocked, id=4201, stack(0x6dbfc000,0x6dc4d000)]
  0x6df00800 JavaThread "Finalizer" daemon [_thread_blocked, id=4200, stack(0x6dc4d000,0x6dc9e000)]
  0x086dec00 JavaThread "Reference Handler" daemon [_thread_blocked, id=4199, stack(0x6dc9e000,0x6dcef000)]

Other Threads:
  0x086db000 VMThread [stack: 0x6dcef000,0x6dd70000] [id=4198]
  0x6df42c00 WatcherThread [stack: 0x6d986000,0x6da07000] [id=4207]

VM state:not at safepoint (normal execution)

VM Mutex/Monitor currently owned by a thread: None

Heap
 PSYoungGen      total 10368K, used 5491K [0x9f0c0000, 0x9ffd0000, 0xb3610000)
  eden space 9920K, 51% used [0x9f0c0000,0x9f5bae00,0x9fa70000)
  from space 448K, 87% used [0x9faa0000,0x9fb02010,0x9fb10000)
  to   space 2752K, 0% used [0x9fd20000,0x9fd20000,0x9ffd0000)
 PSOldGen        total 41600K, used 10102K [0x76610000, 0x78eb0000, 0x9f0c0000)
  object space 41600K, 24% used [0x76610000,0x76fedad8,0x78eb0000)
 PSPermGen       total 31360K, used 31293K [0x6e610000, 0x704b0000, 0x76610000)
  object space 31360K, 99% used [0x6e610000,0x7049f720,0x704b0000)

Dynamic libraries:
08048000-08051000 r-xp 00000000 08:11 518430     /usr/lib/jvm/java-6-openjdk/jre/bin/java
08051000-08052000 r--p 00008000 08:11 518430     /usr/lib/jvm/java-6-openjdk/jre/bin/java
08052000-08053000 rw-p 00009000 08:11 518430     /usr/lib/jvm/java-6-openjdk/jre/bin/java
08628000-08fd8000 rw-p 00000000 00:00 0          [heap]
6aa00000-6aa68000 rw-p 00000000 00:00 0 
6aa68000-6ab00000 ---p 00000000 00:00 0 
6ac00000-6ace8000 rw-p 00000000 00:00 0 
6ace8000-6ad00000 ---p 00000000 00:00 0 
6ad00000-6adff000 rw-p 00000000 00:00 0 
6adff000-6ae00000 ---p 00000000 00:00 0 
6ae00000-6aefe000 rw-p 00000000 00:00 0 
6aefe000-6af00000 ---p 00000000 00:00 0 
6af00000-6affb000 rw-p 00000000 00:00 0 
6affb000-6b000000 ---p 00000000 00:00 0 
6b000000-6b0f9000 rw-p 00000000 00:00 0 
6b0f9000-6b100000 ---p 00000000 00:00 0 
6b100000-6b1ff000 rw-p 00000000 00:00 0 
6b1ff000-6b200000 ---p 00000000 00:00 0 
6b200000-6b300000 rw-p 00000000 00:00 0 
6b300000-6b400000 rw-p 00000000 00:00 0 
6b400000-6b5fa000 rw-p 00000000 00:00 0 
6b5fa000-6b600000 ---p 00000000 00:00 0 
6b700000-6b7e3000 rw-p 00000000 00:00 0 
6b7e3000-6b800000 ---p 00000000 00:00 0 
6b800000-6b8ef000 rw-p 00000000 00:00 0 
6b8ef000-6b900000 ---p 00000000 00:00 0 
6b900000-6b9de000 rw-p 00000000 00:00 0 
6b9de000-6ba00000 ---p 00000000 00:00 0 
6ba00000-6baee000 rw-p 00000000 00:00 0 
6baee000-6bb00000 ---p 00000000 00:00 0 
6bb00000-6bbee000 rw-p 00000000 00:00 0 
6bbee000-6bc00000 ---p 00000000 00:00 0 
6bc00000-6bcf9000 rw-p 00000000 00:00 0 
6bcf9000-6bd00000 ---p 00000000 00:00 0 
6bd00000-6bdec000 rw-p 00000000 00:00 0 
6bdec000-6be00000 ---p 00000000 00:00 0 
6be00000-6bef5000 rw-p 00000000 00:00 0 
6bef5000-6bf00000 ---p 00000000 00:00 0 
6bf00000-6bff8000 rw-p 00000000 00:00 0 
6bff8000-6c000000 ---p 00000000 00:00 0 
6c000000-6c0e4000 rw-p 00000000 00:00 0 
6c0e4000-6c100000 ---p 00000000 00:00 0 
6c100000-6c200000 rw-p 00000000 00:00 0 
6c300000-6c4e2000 rw-p 00000000 00:00 0 
6c4e2000-6c500000 ---p 00000000 00:00 0 
6c500000-6c5f9000 rw-p 00000000 00:00 0 
6c5f9000-6c600000 ---p 00000000 00:00 0 
6c700000-6c7fa000 rw-p 00000000 00:00 0 
6c7fa000-6c800000 ---p 00000000 00:00 0 
6c827000-6c82a000 ---p 00000000 00:00 0 
6c82a000-6c878000 rw-p 00000000 00:00 0 
6c900000-6c9f9000 rw-p 00000000 00:00 0 
6c9f9000-6ca00000 ---p 00000000 00:00 0 
6caaf000-6cab2000 ---p 00000000 00:00 0 
6cab2000-6cb00000 rw-p 00000000 00:00 0 
6cb00000-6cbf6000 rw-p 00000000 00:00 0 
6cbf6000-6cc00000 ---p 00000000 00:00 0 
6cc00000-6ccff000 rw-p 00000000 00:00 0 
6ccff000-6cd00000 ---p 00000000 00:00 0 
6cd00000-6ce00000 rw-p 00000000 00:00 0 
6ce0d000-6ce10000 ---p 00000000 00:00 0 
6ce10000-6ce5e000 rw-p 00000000 00:00 0 
6ce5e000-6ce61000 ---p 00000000 00:00 0 
6ce61000-6ceaf000 rw-p 00000000 00:00 0 
6ceaf000-6ceb2000 ---p 00000000 00:00 0 
6ceb2000-6cf00000 rw-p 00000000 00:00 0 
6cf00000-6cfee000 rw-p 00000000 00:00 0 
6cfee000-6d000000 ---p 00000000 00:00 0 
6d00d000-6d010000 ---p 00000000 00:00 0 
6d010000-6d05e000 rw-p 00000000 00:00 0 
6d05e000-6d061000 ---p 00000000 00:00 0 
6d061000-6d0af000 rw-p 00000000 00:00 0 
6d0af000-6d0b2000 ---p 00000000 00:00 0 
6d0b2000-6d100000 rw-p 00000000 00:00 0 
6d100000-6d1fc000 rw-p 00000000 00:00 0 
6d1fc000-6d200000 ---p 00000000 00:00 0 
6d22f000-6d232000 ---p 00000000 00:00 0 
6d232000-6d280000 rw-p 00000000 00:00 0 
6d280000-6d287000 r-xp 00000000 08:11 632268     /usr/lib/jvm/java-6-openjdk/jre/lib/i386/libnio.so
6d287000-6d288000 r--p 00006000 08:11 632268     /usr/lib/jvm/java-6-openjdk/jre/lib/i386/libnio.so
6d288000-6d289000 rw-p 00007000 08:11 632268     /usr/lib/jvm/java-6-openjdk/jre/lib/i386/libnio.so
6d2af000-6d2b2000 ---p 00000000 00:00 0 
6d2b2000-6d300000 rw-p 00000000 00:00 0 
6d300000-6d3fd000 rw-p 00000000 00:00 0 
6d3fd000-6d400000 ---p 00000000 00:00 0 
6d400000-6d4e7000 rw-p 00000000 00:00 0 
6d4e7000-6d500000 ---p 00000000 00:00 0 
6d500000-6d600000 rw-p 00000000 00:00 0 
6d637000-6d63a000 ---p 00000000 00:00 0 
6d63a000-6d688000 rw-p 00000000 00:00 0 
6d688000-6d69c000 r-xp 00000000 08:11 632295     /usr/lib/jvm/java-6-openjdk/jre/lib/i386/libnet.so
6d69c000-6d69d000 r--p 00013000 08:11 632295     /usr/lib/jvm/java-6-openjdk/jre/lib/i386/libnet.so
6d69d000-6d69e000 rw-p 00014000 08:11 632295     /usr/lib/jvm/java-6-openjdk/jre/lib/i386/libnet.so
6d69e000-6d6a3000 r--s 00041000 08:11 1173305    /opt/play-1.2.4/framework/lib/commons-lang-2.6.jar
6d6a3000-6d6b2000 r--s 000d9000 08:11 1173322    /opt/play-1.2.4/framework/lib/ivy-2.2.0.jar
6d6b2000-6d6b7000 r--s 00020000 08:11 1173327    /opt/play-1.2.4/framework/lib/jj-imaging.jar
6d6b7000-6d6c0000 r--s 0006d000 08:11 1173337    /opt/play-1.2.4/framework/lib/log4j-1.2.16.jar
6d6c0000-6d6c2000 r--s 00015000 08:11 1173332    /opt/play-1.2.4/framework/lib/jregex-1.2_01.jar
6d6c2000-6d6c8000 r--s 00040000 08:11 1173339    /opt/play-1.2.4/framework/lib/memcached-2.6.jar
6d6c8000-6d6cd000 r--s 0002e000 08:11 1173293    /opt/play-1.2.4/framework/lib/asm-all-3.3.1.jar
6d6cd000-6d6d4000 r--s 00049000 08:11 1173343    /opt/play-1.2.4/framework/lib/oval-1.50.jar
6d6d4000-6d6d7000 r--s 0000f000 08:11 1173315    /opt/play-1.2.4/framework/lib/hibernate-commons-annotations-3.2.0.Final.jar
6d6d7000-6d6d9000 r--s 00015000 08:11 1173328    /opt/play-1.2.4/framework/lib/jj-simplecaptcha.jar
6d6d9000-6d6db000 r--s 0000d000 08:11 1173302    /opt/play-1.2.4/framework/lib/commons-fileupload-1.2.2.jar
6d6db000-6d700000 r--s 00172000 08:11 1173295    /opt/play-1.2.4/framework/lib/bcprov-jdk15-1.45.jar
6d700000-6d800000 rw-p 00000000 00:00 0 
6d800000-6d806000 r-xp 00000000 08:11 632290     /usr/lib/jvm/java-6-openjdk/jre/lib/i386/libmanagement.so
6d806000-6d807000 r--p 00005000 08:11 632290     /usr/lib/jvm/java-6-openjdk/jre/lib/i386/libmanagement.so
6d807000-6d808000 rw-p 00006000 08:11 632290     /usr/lib/jvm/java-6-openjdk/jre/lib/i386/libmanagement.so
6d808000-6d80d000 r--s 00014000 08:11 1173321    /opt/play-1.2.4/framework/lib/hibernate-jpa-2.0-api-1.0.0.Final.jar
6d80d000-6d818000 r--s 0005a000 08:11 1173349    /opt/play-1.2.4/framework/lib/xstream-1.3.jar
6d818000-6d81b000 r--s 00022000 08:11 1173323    /opt/play-1.2.4/framework/lib/jamon-2.7.jar
6d81b000-6d81d000 r--s 0000c000 08:11 1173291    /opt/play-1.2.4/framework/lib/activation-1.1.1.jar
6d81d000-6d847000 r--s 00427000 08:11 1173342    /opt/play-1.2.4/framework/lib/org.eclipse.jdt.core-3.8.0.v_C03.jar
6d847000-6d84f000 r--s 0008a000 08:11 1173324    /opt/play-1.2.4/framework/lib/javassist-3.9.0.GA.jar
6d84f000-6d85e000 r--s 0007c000 08:11 1173331    /opt/play-1.2.4/framework/lib/joda-time-2.0.jar
6d85e000-6d860000 r--s 00001000 08:11 1173333    /opt/play-1.2.4/framework/lib/jsr107cache-1.0.jar
6d860000-6d865000 r--s 00034000 08:11 1173298    /opt/play-1.2.4/framework/lib/commons-beanutils-1.8.3.jar
6d865000-6d875000 r--s 000b2000 08:11 1173341    /opt/play-1.2.4/framework/lib/netty-3.2.5.Final.jar
6d875000-6d87c000 r--s 000b7000 08:11 1173340    /opt/play-1.2.4/framework/lib/mysql-connector-java-5.1.13.jar
6d87c000-6d87f000 r--s 0000f000 08:11 1173310    /opt/play-1.2.4/framework/lib/geronimo-servlet_2.5_spec-1.2.jar
6d87f000-6d884000 r--s 00048000 08:11 1173307    /opt/play-1.2.4/framework/lib/dom4j-1.6.1.jar
6d884000-6d88a000 r--s 00032000 08:11 1173326    /opt/play-1.2.4/framework/lib/jaxen-1.1.jar
6d88a000-6d88c000 r--s 0000d000 08:11 1173306    /opt/play-1.2.4/framework/lib/commons-logging-1.1.1.jar
6d88c000-6d8e0000 r--s 00520000 08:11 1173311    /opt/play-1.2.4/framework/lib/groovy-all-1.7.10.jar
6d8e0000-6d8ea000 r--s 0006f000 08:11 1173308    /opt/play-1.2.4/framework/lib/ehcache-core-2.0.0.jar
6d8ea000-6d8ec000 r--s 0000e000 08:11 1173304    /opt/play-1.2.4/framework/lib/commons-javaflow-1066591.jar
6d8ec000-6d8f0000 r--s 00027000 08:11 1173312    /opt/play-1.2.4/framework/lib/gson-1.7.1.jar
6d8f0000-6d8f3000 r--s 00024000 08:11 1173303    /opt/play-1.2.4/framework/lib/commons-io-2.0.1.jar
6d8f3000-6d8f4000 r--s 00000000 08:11 1173325    /opt/play-1.2.4/framework/lib/javax.inject-1.0.jar
6d8f4000-6d8fa000 r--s 00067000 08:11 1173292    /opt/play-1.2.4/framework/lib/antlr-2.7.6.jar
6d8fa000-6d8fc000 r--s 00005000 08:11 1173346    /opt/play-1.2.4/framework/lib/slf4j-api-1.6.1.jar
6d8fc000-6d8fe000 r--s 00002000 08:11 1173334    /opt/play-1.2.4/framework/lib/jta-1.1.jar
6d8fe000-6d905000 r--s 0004d000 08:11 1173294    /opt/play-1.2.4/framework/lib/async-http-client-1.6.5.jar
6d905000-6d90e000 r--s 0005d000 08:11 1173319    /opt/play-1.2.4/framework/lib/hibernate-entitymanager-3.6.0.Final.jar
6d90e000-6d914000 r--s 0007e000 08:11 1173344    /opt/play-1.2.4/framework/lib/postgresql-9.0.jar
6d914000-6d916000 r--s 00008000 08:11 1173345    /opt/play-1.2.4/framework/lib/signpost-core-1.2.jar
6d916000-6d917000 r--s 00007000 08:11 1173301    /opt/play-1.2.4/framework/lib/commons-email-1.2.jar
6d917000-6d925000 r--s 0007f000 08:11 1173300    /opt/play-1.2.4/framework/lib/commons-collections-3.2.1.jar
6d925000-6d92b000 r--s 00038000 08:11 1173348    /opt/play-1.2.4/framework/lib/snakeyaml-1.7.jar
6d92b000-6d931000 r--s 00034000 08:11 1173335    /opt/play-1.2.4/framework/lib/junit-4.8.1.jar
6d931000-6d938000 r--s 0006a000 08:11 1173338    /opt/play-1.2.4/framework/lib/mail-1.4.3.jar
6d938000-6d96a000 r--s 002c7000 08:11 1173317    /opt/play-1.2.4/framework/lib/hibernate-core-3.6.1.Final.jar
6d96a000-6d96b000 r--s 00002000 08:11 1173347    /opt/play-1.2.4/framework/lib/slf4j-log4j12-1.6.1.jar
6d96b000-6d972000 r--s 00038000 08:11 1173330    /opt/play-1.2.4/framework/lib/jj-wikitext.jar
6d972000-6d975000 r--s 00011000 08:11 1173309    /opt/play-1.2.4/framework/lib/ezmorph-1.0.3.jar
6d975000-6d97b000 r--s 00049000 08:11 1173297    /opt/play-1.2.4/framework/lib/cglib-nodep-2.2.jar
6d97b000-6d986000 r--s 0008b000 08:11 1173296    /opt/play-1.2.4/framework/lib/c3p0-0.9.1.2.jar
6d986000-6d987000 ---p 00000000 00:00 0 
6d987000-6da07000 rw-p 00000000 00:00 0 
6da07000-6da0a000 ---p 00000000 00:00 0 
6da0a000-6da58000 rw-p 00000000 00:00 0 
6da58000-6da5b000 ---p 00000000 00:00 0 
6da5b000-6dad9000 rw-p 00000000 00:00 0 
6dad9000-6dadc000 ---p 00000000 00:00 0 
6dadc000-6db5a000 rw-p 00000000 00:00 0 
6db5a000-6db5d000 ---p 00000000 00:00 0 
6db5d000-6dbab000 rw-p 00000000 00:00 0 
6dbab000-6dbae000 ---p 00000000 00:00 0 
6dbae000-6dbfc000 rw-p 00000000 00:00 0 
6dbfc000-6dbff000 ---p 00000000 00:00 0 
6dbff000-6dc4d000 rw-p 00000000 00:00 0 
6dc4d000-6dc50000 ---p 00000000 00:00 0 
6dc50000-6dc9e000 rw-p 00000000 00:00 0 
6dc9e000-6dca1000 ---p 00000000 00:00 0 
6dca1000-6dcef000 rw-p 00000000 00:00 0 
6dcef000-6dcf0000 ---p 00000000 00:00 0 
6dcf0000-6dd70000 rw-p 00000000 00:00 0 
6dd70000-6df00000 r--s 038c5000 08:11 533707     /usr/lib/jvm/java-6-openjdk/jre/lib/rt.jar
6df00000-6dffe000 rw-p 00000000 00:00 0 
6dffe000-6e000000 ---p 00000000 00:00 0 
6e002000-6e004000 r--s 0000d000 08:11 1173299    /opt/play-1.2.4/framework/lib/commons-codec-1.4.jar
6e004000-6e006000 r--s 0000b000 08:11 1173329    /opt/play-1.2.4/framework/lib/jj-textile.jar
6e006000-6e011000 r--s 00124000 08:11 1173313    /opt/play-1.2.4/framework/lib/h2-1.3.149.jar
6e011000-6e014000 r-xp 00000000 08:11 632292     /usr/lib/jvm/java-6-openjdk/jre/lib/i386/libdt_socket.so
6e014000-6e015000 r--p 00002000 08:11 632292     /usr/lib/jvm/java-6-openjdk/jre/lib/i386/libdt_socket.so
6e015000-6e016000 rw-p 00003000 08:11 632292     /usr/lib/jvm/java-6-openjdk/jre/lib/i386/libdt_socket.so
6e016000-6e022000 r--s 000c2000 08:11 1173354    /opt/play-1.2.4/framework/play-1.2.4.jar
6e022000-6e02a000 r--s 00066000 08:11 302538     /usr/share/java/gnome-java-bridge.jar
6e02a000-6e05d000 rw-p 00000000 00:00 0 
6e05d000-6e05e000 ---p 00000000 00:00 0 
6e05e000-6e0de000 rw-p 00000000 00:00 0 
6e0de000-6e0df000 ---p 00000000 00:00 0 
6e0df000-6e15f000 rw-p 00000000 00:00 0 
6e15f000-6e160000 ---p 00000000 00:00 0 
6e160000-6e1e0000 rw-p 00000000 00:00 0 
6e1e0000-6e1e1000 ---p 00000000 00:00 0 
6e1e1000-6e271000 rw-p 00000000 00:00 0 
6e271000-6e2a1000 rw-p 00000000 00:00 0 
6e2a1000-6e2b6000 rw-p 00000000 00:00 0 
6e2b6000-6e3e7000 rw-p 00000000 00:00 0 
6e3e7000-6e3f7000 rw-p 00000000 00:00 0 
6e3f7000-6e427000 rw-p 00000000 00:00 0 
6e427000-6e43c000 rw-p 00000000 00:00 0 
6e43c000-6e56c000 rw-p 00000000 00:00 0 
6e56c000-6e574000 rw-p 00000000 00:00 0 
6e574000-6e578000 ---p 00000000 00:00 0 
6e578000-6e60f000 rw-p 00000000 00:00 0 
6e60f000-704b0000 rw-p 00000000 00:00 0 
704b0000-76610000 rw-p 00000000 00:00 0 
76610000-78eb0000 rw-p 00000000 00:00 0 
78eb0000-9f0c0000 rw-p 00000000 00:00 0 
9f0c0000-9ffd0000 rw-p 00000000 00:00 0 
9ffd0000-a0770000 ---p 00000000 00:00 0 
a0770000-b3610000 rw-p 00000000 00:00 0 
b3610000-b3613000 r--s 0007d000 08:11 532514     /usr/lib/jvm/java-6-openjdk/jre/lib/jsse.jar
b3613000-b3618000 r--s 00045000 08:11 532531     /usr/lib/jvm/java-6-openjdk/jre/lib/netx.jar
b3618000-b3625000 rw-p 00000000 00:00 0 
b3625000-b36d8000 rw-p 00000000 00:00 0 
b36d8000-b39e0000 rwxp 00000000 00:00 0 
b39e0000-b66d8000 rw-p 00000000 00:00 0 
b66d8000-b66e2000 r-xp 00000000 08:11 197731     /lib/libnss_files-2.12.1.so
b66e2000-b66e3000 r--p 00009000 08:11 197731     /lib/libnss_files-2.12.1.so
b66e3000-b66e4000 rw-p 0000a000 08:11 197731     /lib/libnss_files-2.12.1.so
b66e4000-b66ed000 r-xp 00000000 08:11 197996     /lib/libnss_nis-2.12.1.so
b66ed000-b66ee000 r--p 00008000 08:11 197996     /lib/libnss_nis-2.12.1.so
b66ee000-b66ef000 rw-p 00009000 08:11 197996     /lib/libnss_nis-2.12.1.so
b66ef000-b66f5000 r-xp 00000000 08:11 198033     /lib/libnss_compat-2.12.1.so
b66f5000-b66f6000 r--p 00006000 08:11 198033     /lib/libnss_compat-2.12.1.so
b66f6000-b66f7000 rw-p 00007000 08:11 198033     /lib/libnss_compat-2.12.1.so
b66f8000-b66fb000 r--s 0000f000 08:11 533698     /usr/lib/jvm/java-6-openjdk/jre/lib/ext/pulse-java.jar
b66fb000-b6701000 r-xp 00000000 08:11 632269     /usr/lib/jvm/java-6-openjdk/jre/lib/i386/libzip.so
b6701000-b6702000 r--p 00005000 08:11 632269     /usr/lib/jvm/java-6-openjdk/jre/lib/i386/libzip.so
b6702000-b6703000 rw-p 00006000 08:11 632269     /usr/lib/jvm/java-6-openjdk/jre/lib/i386/libzip.so
b6703000-b670b000 rw-s 00000000 08:11 3580055    /tmp/hsperfdata_axel/4188
b670b000-b690b000 r--p 00000000 08:11 213248     /usr/lib/locale/locale-archive
b690b000-b690e000 r-xp 00000000 08:11 632263     /usr/lib/jvm/java-6-openjdk/jre/lib/i386/libnpt.so
b690e000-b690f000 r--p 00002000 08:11 632263     /usr/lib/jvm/java-6-openjdk/jre/lib/i386/libnpt.so
b690f000-b6910000 rw-p 00003000 08:11 632263     /usr/lib/jvm/java-6-openjdk/jre/lib/i386/libnpt.so
b6910000-b6946000 r-xp 00000000 08:11 632293     /usr/lib/jvm/java-6-openjdk/jre/lib/i386/libjdwp.so
b6946000-b6947000 r--p 00035000 08:11 632293     /usr/lib/jvm/java-6-openjdk/jre/lib/i386/libjdwp.so
b6947000-b6948000 rw-p 00036000 08:11 632293     /usr/lib/jvm/java-6-openjdk/jre/lib/i386/libjdwp.so
b6948000-b695b000 r-xp 00000000 08:11 197998     /lib/libnsl-2.12.1.so
b695b000-b695c000 r--p 00012000 08:11 197998     /lib/libnsl-2.12.1.so
b695c000-b695d000 rw-p 00013000 08:11 197998     /lib/libnsl-2.12.1.so
b695d000-b695f000 rw-p 00000000 00:00 0 
b6960000-b6969000 r-xp 00000000 08:11 632291     /usr/lib/jvm/java-6-openjdk/jre/lib/i386/libinstrument.so
b6969000-b696a000 r--p 00008000 08:11 632291     /usr/lib/jvm/java-6-openjdk/jre/lib/i386/libinstrument.so
b696a000-b696b000 rw-p 00009000 08:11 632291     /usr/lib/jvm/java-6-openjdk/jre/lib/i386/libinstrument.so
b696b000-b6971000 r-xp 00000000 08:11 632280     /usr/lib/jvm/java-6-openjdk/jre/lib/i386/native_threads/libhpi.so
b6971000-b6972000 r--p 00005000 08:11 632280     /usr/lib/jvm/java-6-openjdk/jre/lib/i386/native_threads/libhpi.so
b6972000-b6973000 rw-p 00006000 08:11 632280     /usr/lib/jvm/java-6-openjdk/jre/lib/i386/native_threads/libhpi.so
b6973000-b6995000 r-xp 00000000 08:11 632264     /usr/lib/jvm/java-6-openjdk/jre/lib/i386/libjava.so
b6995000-b6996000 r--p 00021000 08:11 632264     /usr/lib/jvm/java-6-openjdk/jre/lib/i386/libjava.so
b6996000-b6998000 rw-p 00022000 08:11 632264     /usr/lib/jvm/java-6-openjdk/jre/lib/i386/libjava.so
b6998000-b699f000 r-xp 00000000 08:11 197849     /lib/librt-2.12.1.so
b699f000-b69a0000 r--p 00006000 08:11 197849     /lib/librt-2.12.1.so
b69a0000-b69a1000 rw-p 00007000 08:11 197849     /lib/librt-2.12.1.so
b69a1000-b69a4000 ---p 00000000 00:00 0 
b69a4000-b69f2000 rw-p 00000000 00:00 0 
b69f2000-b6a16000 r-xp 00000000 08:11 198001     /lib/libm-2.12.1.so
b6a16000-b6a17000 r--p 00023000 08:11 198001     /lib/libm-2.12.1.so
b6a17000-b6a18000 rw-p 00024000 08:11 198001     /lib/libm-2.12.1.so
b6a18000-b70dd000 r-xp 00000000 08:11 632279     /usr/lib/jvm/java-6-openjdk/jre/lib/i386/server/libjvm.so
b70dd000-b7122000 r--p 006c4000 08:11 632279     /usr/lib/jvm/java-6-openjdk/jre/lib/i386/server/libjvm.so
b7122000-b7131000 rw-p 00709000 08:11 632279     /usr/lib/jvm/java-6-openjdk/jre/lib/i386/server/libjvm.so
b7131000-b7552000 rw-p 00000000 00:00 0 
b7552000-b76a9000 r-xp 00000000 08:11 198034     /lib/libc-2.12.1.so
b76a9000-b76ab000 r--p 00157000 08:11 198034     /lib/libc-2.12.1.so
b76ab000-b76ac000 rw-p 00159000 08:11 198034     /lib/libc-2.12.1.so
b76ac000-b76af000 rw-p 00000000 00:00 0 
b76af000-b76b1000 r-xp 00000000 08:11 197812     /lib/libdl-2.12.1.so
b76b1000-b76b2000 r--p 00001000 08:11 197812     /lib/libdl-2.12.1.so
b76b2000-b76b3000 rw-p 00002000 08:11 197812     /lib/libdl-2.12.1.so
b76b3000-b76b6000 r-xp 00000000 08:11 632272     /usr/lib/jvm/java-6-openjdk/jre/lib/i386/jli/libjli.so
b76b6000-b76b7000 r--p 00002000 08:11 632272     /usr/lib/jvm/java-6-openjdk/jre/lib/i386/jli/libjli.so
b76b7000-b76b8000 rw-p 00003000 08:11 632272     /usr/lib/jvm/java-6-openjdk/jre/lib/i386/jli/libjli.so
b76b8000-b76cd000 r-xp 00000000 08:11 198040     /lib/libpthread-2.12.1.so
b76cd000-b76ce000 ---p 00015000 08:11 198040     /lib/libpthread-2.12.1.so
b76ce000-b76cf000 r--p 00015000 08:11 198040     /lib/libpthread-2.12.1.so
b76cf000-b76d0000 rw-p 00016000 08:11 198040     /lib/libpthread-2.12.1.so
b76d0000-b76d3000 rw-p 00000000 00:00 0 
b76d3000-b76e6000 r-xp 00000000 08:11 1564867    /lib/libz.so.1.2.3.4
b76e6000-b76e7000 r--p 00012000 08:11 1564867    /lib/libz.so.1.2.3.4
b76e7000-b76e8000 rw-p 00013000 08:11 1564867    /lib/libz.so.1.2.3.4
b76e8000-b76e9000 rw-p 00000000 00:00 0 
b76e9000-b76eb000 r--s 0001d000 08:11 532527     /usr/lib/jvm/java-6-openjdk/jre/lib/plugin.jar
b76eb000-b76ec000 r--p 002a7000 08:11 213248     /usr/lib/locale/locale-archive
b76ec000-b76ed000 rw-p 00000000 00:00 0 
b76ed000-b76ee000 r--p 00000000 00:00 0 
b76ee000-b76f9000 r-xp 00000000 08:11 632287     /usr/lib/jvm/java-6-openjdk/jre/lib/i386/libverify.so
b76f9000-b76fa000 ---p 0000b000 08:11 632287     /usr/lib/jvm/java-6-openjdk/jre/lib/i386/libverify.so
b76fa000-b76fb000 r--p 0000b000 08:11 632287     /usr/lib/jvm/java-6-openjdk/jre/lib/i386/libverify.so
b76fb000-b76fc000 rw-p 0000c000 08:11 632287     /usr/lib/jvm/java-6-openjdk/jre/lib/i386/libverify.so
b76fc000-b76fe000 rw-p 00000000 00:00 0 
b76fe000-b76ff000 r-xp 00000000 00:00 0          [vdso]
b76ff000-b771b000 r-xp 00000000 08:11 197719     /lib/ld-2.12.1.so
b771b000-b771c000 r--p 0001b000 08:11 197719     /lib/ld-2.12.1.so
b771c000-b771d000 rw-p 0001c000 08:11 197719     /lib/ld-2.12.1.so
bfc60000-bfc82000 rw-p 00000000 00:00 0          [stack]

VM Arguments:
jvm_args: -Xdebug -Xrunjdwp:transport=dt_socket,address=0,server=y,suspend=n -Dplay.debug=yes -Dplay.id= -Dapplication.path=/home/axel/Transat/git/server -Djava.endorsed.dirs=/opt/play-1.2.4/framework/endorsed -javaagent:/opt/play-1.2.4/framework/play-1.2.4.jar -Dfile.encoding=UTF-8 
java_command: play.server.Server
Launcher Type: SUN_STANDARD

Environment Variables:
PATH=/usr/local/sbin:/usr/local/bin:/usr/sbin:/usr/bin:/sbin:/bin:/usr/games
USERNAME=axel
LD_LIBRARY_PATH=/usr/lib/jvm/java-6-openjdk/jre/lib/i386/server:/usr/lib/jvm/java-6-openjdk/jre/lib/i386:/usr/lib/jvm/java-6-openjdk/jre/../lib/i386:/usr/lib/jvm/java-6-openjdk/jre/lib/i386/client:/usr/lib/jvm/java-6-openjdk/jre/lib/i386:
SHELL=/bin/bash
DISPLAY=:0.0

Signal Handlers:
SIGSEGV: [libjvm.so+0x6498a0], sa_mask[0]=0x7ffbfeff, sa_flags=0x10000004
SIGBUS: [libjvm.so+0x6498a0], sa_mask[0]=0x7ffbfeff, sa_flags=0x10000004
SIGFPE: [libjvm.so+0x51bb40], sa_mask[0]=0x7ffbfeff, sa_flags=0x10000004
SIGPIPE: [libjvm.so+0x51bb40], sa_mask[0]=0x7ffbfeff, sa_flags=0x10000004
SIGXFSZ: [libjvm.so+0x51bb40], sa_mask[0]=0x7ffbfeff, sa_flags=0x10000004
SIGILL: [libjvm.so+0x51bb40], sa_mask[0]=0x7ffbfeff, sa_flags=0x10000004
SIGUSR1: SIG_DFL, sa_mask[0]=0x00000000, sa_flags=0x00000000
SIGUSR2: [libjvm.so+0x51b1f0], sa_mask[0]=0x00000004, sa_flags=0x10000004
SIGHUP: [libjvm.so+0x51dd60], sa_mask[0]=0x7ffbfeff, sa_flags=0x10000004
SIGINT: [libjvm.so+0x51dd60], sa_mask[0]=0x7ffbfeff, sa_flags=0x10000004
SIGTERM: [libjvm.so+0x51dd60], sa_mask[0]=0x7ffbfeff, sa_flags=0x10000004
SIGQUIT: [libjvm.so+0x51dd60], sa_mask[0]=0x7ffbfeff, sa_flags=0x10000004


---------------  S Y S T E M  ---------------

OS:Ubuntu 10.10 (maverick)
uname:Linux 2.6.35-32-generic-pae #66-Ubuntu SMP Mon Feb 13 21:21:45 UTC 2012 i686
libc:glibc 2.12.1 NPTL 2.12.1 
rlimit: STACK 8192k, CORE 0k, NPROC infinity, NOFILE 1024, AS infinity
load average:0,30 0,14 0,14

/proc/meminfo:
MemTotal:        3990416 kB
MemFree:           66828 kB
Buffers:          730992 kB
Cached:          1663412 kB
SwapCached:            0 kB
Active:          1511288 kB
Inactive:        2074552 kB
Active(anon):     950016 kB
Inactive(anon):   253828 kB
Active(file):     561272 kB
Inactive(file):  1820724 kB
Unevictable:           0 kB
Mlocked:               0 kB
HighTotal:       3145608 kB
HighFree:          52800 kB
LowTotal:         844808 kB
LowFree:           14028 kB
SwapTotal:       3903788 kB
SwapFree:        3903788 kB
Dirty:              1904 kB
Writeback:             0 kB
AnonPages:       1191452 kB
Mapped:           257304 kB
Shmem:             12408 kB
Slab:              46184 kB
SReclaimable:      30292 kB
SUnreclaim:        15892 kB
KernelStack:        3560 kB
PageTables:         8980 kB
NFS_Unstable:          0 kB
Bounce:                0 kB
WritebackTmp:          0 kB
CommitLimit:     5898996 kB
Committed_AS:    2594496 kB
VmallocTotal:     122880 kB
VmallocUsed:       52980 kB
VmallocChunk:      66156 kB
HardwareCorrupted:     0 kB
HugePages_Total:       0
HugePages_Free:        0
HugePages_Rsvd:        0
HugePages_Surp:        0
Hugepagesize:       2048 kB
DirectMap4k:        8184 kB
DirectMap2M:      905216 kB


CPU:total 4 (2 cores per cpu, 2 threads per core) family 6 model 37 stepping 2, cmov, cx8, fxsr, mmx, sse, sse2, sse3, ssse3, sse4.1, sse4.2, popcnt, ht

Memory: 4k page, physical 3990416k(66828k free), swap 3903788k(3903788k free)

vm_info: OpenJDK Server VM (19.0-b09) for linux-x86 JRE (1.6.0_20-b20), built on Feb 18 2012 07:29:49 by "buildd" with gcc 4.4.5

time: Wed Mar 14 23:32:24 2012
elapsed time: 1942 seconds

