#
# A fatal error has been detected by the Java Runtime Environment:
#
#  SIGSEGV (0xb) at pc=0xb6fb565b, pid=3647, tid=1841662832
#
# JRE version: 6.0_20-b20
# Java VM: OpenJDK Server VM (19.0-b09 mixed mode linux-x86 )
# Derivative: IcedTea6 1.9.13
# Distribution: Ubuntu 10.10, package 6b20-1.9.13-0ubuntu1~10.10.1
# Problematic frame:
# V  [libjvm.so+0x49465b]
#
# If you would like to submit a bug report, please include
# instructions how to reproduce the bug and visit:
#   https://bugs.launchpad.net/ubuntu/+source/openjdk-6/
#

---------------  T H R E A D  ---------------

Current thread (0x08d3f000):  JavaThread "CompilerThread0" daemon [_thread_in_native, id=3663, stack(0x6dbd8000,0x6dc59000)]

siginfo:si_signo=SIGSEGV: si_errno=0, si_code=1 (SEGV_MAPERR), si_addr=0x00000004

Registers:
EAX=0x00000000, EBX=0xb722aff4, ECX=0x00001300, EDX=0x6c2cf9e8
ESP=0x6dc56920, EBP=0x6dc56968, ESI=0x6dc571fc, EDI=0x6d28be00
EIP=0xb6fb565b, CR2=0x00000004, EFLAGS=0x00010202

Register to memory mapping:

EAX=0x00000000
0x00000000 is pointing to unknown location

EBX=0xb722aff4
0xb722aff4: <offset 0x709ff4> in /usr/lib/jvm/java-6-openjdk/jre/lib/i386/server/libjvm.so at 0xb6b21000

ECX=0x00001300
0x00001300 is pointing to unknown location

EDX=0x6c2cf9e8
0x6c2cf9e8 is pointing to unknown location

ESP=0x6dc56920
0x6dc56920 is pointing into the stack for thread: 0x08d3f000
"CompilerThread0" daemon prio=10 tid=0x08d3f000 nid=0xe4f runnable [0x00000000]
   java.lang.Thread.State: RUNNABLE

EBP=0x6dc56968
0x6dc56968 is pointing into the stack for thread: 0x08d3f000
"CompilerThread0" daemon prio=10 tid=0x08d3f000 nid=0xe4f runnable [0x00000000]
   java.lang.Thread.State: RUNNABLE

ESI=0x6dc571fc
0x6dc571fc is pointing into the stack for thread: 0x08d3f000
"CompilerThread0" daemon prio=10 tid=0x08d3f000 nid=0xe4f runnable [0x00000000]
   java.lang.Thread.State: RUNNABLE

EDI=0x6d28be00
0x6d28be00 is pointing to unknown location


Top of Stack: (sp=0x6dc56920)
0x6dc56920:   b776e8b6 b776e94d b722aff4 00002000
0x6dc56930:   6be4e070 00000000 00000400 6dc5720c
0x6dc56940:   6d4045a4 0028be00 6da35570 0000133b
0x6dc56950:   08d3f5a0 6daed098 6daed0a8 b722aff4
0x6dc56960:   6b2e4c94 6da39ef8 6dc569e8 b6fb5c0c
0x6dc56970:   6dc571fc 6b2e4c94 00000002 00000002
0x6dc56980:   6b800030 00000000 00007ff0 00000002
0x6dc56990:   00000008 08d3f5a0 6dc569c8 00000004 

Instructions: (pc=0xb6fb565b)
0xb6fb564b:   50 1c 89 45 e0 8b 86 d0 02 00 00 8d 14 90 8b 02
0xb6fb565b:   8b 48 04 8b 39 85 ff 75 1f 8b 7e 14 90 8b 48 1c 

Stack: [0x6dbd8000,0x6dc59000],  sp=0x6dc56920,  free space=506k
Native frames: (J=compiled Java code, j=interpreted, Vv=VM code, C=native code)
V  [libjvm.so+0x49465b]
V  [libjvm.so+0x494c0c]
V  [libjvm.so+0x49a3f7]
V  [libjvm.so+0x252e89]
V  [libjvm.so+0x253a2c]
V  [libjvm.so+0x1dd4c3]
V  [libjvm.so+0x2581ea]
V  [libjvm.so+0x258d97]
V  [libjvm.so+0x609338]
V  [libjvm.so+0x60ef5c]
V  [libjvm.so+0x60f022]
V  [libjvm.so+0x51f821]
C  [libpthread.so.0+0x5cc9]


Current CompileTask:
C2:616      jregex.Pretokenizer.next()V (1064 bytes)


---------------  P R O C E S S  ---------------

Java Threads: ( => current thread )
  0x0906fc00 JavaThread "net.sf.ehcache.CacheManager@bbe282" daemon [_thread_blocked, id=4305, stack(0x6d1af000,0x6d200000)]
  0x6cd07c00 JavaThread "New I/O server worker #1-5" [_thread_in_native, id=4295, stack(0x6cf0d000,0x6cf5e000)]
  0x6cbcd400 JavaThread "pool-2-thread-25" [_thread_blocked, id=4278, stack(0x6c9af000,0x6ca00000)]
  0x08e26c00 JavaThread "H2 Log Writer PLAY" daemon [_thread_blocked, id=3712, stack(0x6c727000,0x6c778000)]
  0x08e25400 JavaThread "H2 File Lock Watchdog /home/axel/Transat/git/server/db/h2/play.lock.db" daemon [_thread_blocked, id=3711, stack(0x6c778000,0x6c7c9000)]
  0x6d3b4800 JavaThread "com.mchange.v2.async.ThreadPoolAsynchronousRunner$PoolThread-#2" daemon [_thread_blocked, id=3710, stack(0x6c7c9000,0x6c81a000)]
  0x6d39a800 JavaThread "com.mchange.v2.async.ThreadPoolAsynchronousRunner$PoolThread-#1" daemon [_thread_blocked, id=3709, stack(0x6c81a000,0x6c86b000)]
  0x6e011400 JavaThread "com.mchange.v2.async.ThreadPoolAsynchronousRunner$PoolThread-#0" daemon [_thread_blocked, id=3708, stack(0x6c86b000,0x6c8bc000)]
  0x6d3b5400 JavaThread "Timer-0" daemon [_thread_blocked, id=3707, stack(0x6c8bc000,0x6c90d000)]
  0x6dab1c00 JavaThread "play-thread-1" [_thread_in_Java, id=3670, stack(0x6d75e000,0x6d7af000)]
  0x6d683400 JavaThread "DestroyJavaVM" [_thread_blocked, id=3652, stack(0xb6aaa000,0xb6afb000)]
  0x6d66d400 JavaThread "New I/O server boss #1 ([id: 0x002006a0, /0:0:0:0:0:0:0:0:9000])" [_thread_in_native, id=3667, stack(0x6d138000,0x6d189000)]
  0x6e002400 JavaThread "Low Memory Detector" daemon [_thread_blocked, id=3665, stack(0x6db06000,0x6db57000)]
  0x6e000800 JavaThread "CompilerThread1" daemon [_thread_blocked, id=3664, stack(0x6db57000,0x6dbd8000)]
=>0x08d3f000 JavaThread "CompilerThread0" daemon [_thread_in_native, id=3663, stack(0x6dbd8000,0x6dc59000)]
  0x08d33c00 JavaThread "JDWP Event Helper Thread" daemon [_thread_blocked, id=3662, stack(0x6dc59000,0x6dcaa000)]
  0x08d31000 JavaThread "JDWP Transport Listener: dt_socket" daemon [_thread_in_native, id=3661, stack(0x6dcab000,0x6dcfc000)]
  0x08d10c00 JavaThread "Signal Dispatcher" daemon [_thread_blocked, id=3660, stack(0x6dcfc000,0x6dd4d000)]
  0x08d01800 JavaThread "Finalizer" daemon [_thread_blocked, id=3659, stack(0x6dd4d000,0x6dd9e000)]
  0x08cfcc00 JavaThread "Reference Handler" daemon [_thread_blocked, id=3658, stack(0x6dd9e000,0x6ddef000)]

Other Threads:
  0x08cf9000 VMThread [stack: 0x6ddef000,0x6de70000] [id=3657]
  0x6e004400 WatcherThread [stack: 0x6d97f000,0x6da00000] [id=3666]

VM state:not at safepoint (normal execution)

VM Mutex/Monitor currently owned by a thread: None

Heap
 PSYoungGen      total 10368K, used 10265K [0x9f1d0000, 0xa01c0000, 0xb3720000)
  eden space 9920K, 99% used [0x9f1d0000,0x9fb6a440,0x9fb80000)
  from space 448K, 96% used [0x9fbb0000,0x9fc1c088,0x9fc20000)
  to   space 3200K, 0% used [0x9fea0000,0x9fea0000,0xa01c0000)
 PSOldGen        total 41600K, used 12444K [0x76720000, 0x78fc0000, 0x9f1d0000)
  object space 41600K, 29% used [0x76720000,0x77347250,0x78fc0000)
 PSPermGen       total 30464K, used 30383K [0x6e720000, 0x704e0000, 0x76720000)
  object space 30464K, 99% used [0x6e720000,0x704cbf10,0x704e0000)

Dynamic libraries:
08048000-08051000 r-xp 00000000 08:11 518430     /usr/lib/jvm/java-6-openjdk/jre/bin/java
08051000-08052000 r--p 00008000 08:11 518430     /usr/lib/jvm/java-6-openjdk/jre/bin/java
08052000-08053000 rw-p 00009000 08:11 518430     /usr/lib/jvm/java-6-openjdk/jre/bin/java
08c46000-0a867000 rw-p 00000000 00:00 0          [heap]
6a600000-6a6fc000 rw-p 00000000 00:00 0 
6a6fc000-6a700000 ---p 00000000 00:00 0 
6a800000-6aa00000 rw-p 00000000 00:00 0 
6aa00000-6abf8000 rw-p 00000000 00:00 0 
6abf8000-6ac00000 ---p 00000000 00:00 0 
6ac00000-6acfe000 rw-p 00000000 00:00 0 
6acfe000-6ad00000 ---p 00000000 00:00 0 
6ad00000-6ae00000 rw-p 00000000 00:00 0 
6ae00000-6aeff000 rw-p 00000000 00:00 0 
6aeff000-6af00000 ---p 00000000 00:00 0 
6b000000-6b0fb000 rw-p 00000000 00:00 0 
6b0fb000-6b100000 ---p 00000000 00:00 0 
6b100000-6b200000 rw-p 00000000 00:00 0 
6b200000-6b2fd000 rw-p 00000000 00:00 0 
6b2fd000-6b300000 ---p 00000000 00:00 0 
6b400000-6b600000 rw-p 00000000 00:00 0 
6b600000-6b6e7000 rw-p 00000000 00:00 0 
6b6e7000-6b700000 ---p 00000000 00:00 0 
6b800000-6b900000 rw-p 00000000 00:00 0 
6b900000-6b9fc000 rw-p 00000000 00:00 0 
6b9fc000-6ba00000 ---p 00000000 00:00 0 
6ba00000-6bafb000 rw-p 00000000 00:00 0 
6bafb000-6bb00000 ---p 00000000 00:00 0 
6bc00000-6bcfc000 rw-p 00000000 00:00 0 
6bcfc000-6bd00000 ---p 00000000 00:00 0 
6be00000-6beff000 rw-p 00000000 00:00 0 
6beff000-6bf00000 ---p 00000000 00:00 0 
6bf00000-6bfe5000 rw-p 00000000 00:00 0 
6bfe5000-6c000000 ---p 00000000 00:00 0 
6c000000-6c0ff000 rw-p 00000000 00:00 0 
6c0ff000-6c100000 ---p 00000000 00:00 0 
6c100000-6c200000 rw-p 00000000 00:00 0 
6c200000-6c3e2000 rw-p 00000000 00:00 0 
6c3e2000-6c400000 ---p 00000000 00:00 0 
6c400000-6c5fc000 rw-p 00000000 00:00 0 
6c5fc000-6c600000 ---p 00000000 00:00 0 
6c600000-6c6fc000 rw-p 00000000 00:00 0 
6c6fc000-6c700000 ---p 00000000 00:00 0 
6c727000-6c72a000 ---p 00000000 00:00 0 
6c72a000-6c778000 rw-p 00000000 00:00 0 
6c778000-6c77b000 ---p 00000000 00:00 0 
6c77b000-6c7c9000 rw-p 00000000 00:00 0 
6c7c9000-6c7cc000 ---p 00000000 00:00 0 
6c7cc000-6c81a000 rw-p 00000000 00:00 0 
6c81a000-6c81d000 ---p 00000000 00:00 0 
6c81d000-6c86b000 rw-p 00000000 00:00 0 
6c86b000-6c86e000 ---p 00000000 00:00 0 
6c86e000-6c8bc000 rw-p 00000000 00:00 0 
6c8bc000-6c8bf000 ---p 00000000 00:00 0 
6c8bf000-6c90d000 rw-p 00000000 00:00 0 
6c90d000-6c910000 ---p 00000000 00:00 0 
6c910000-6c95e000 rw-p 00000000 00:00 0 
6c95e000-6c961000 ---p 00000000 00:00 0 
6c961000-6c9af000 rw-p 00000000 00:00 0 
6c9af000-6c9b2000 ---p 00000000 00:00 0 
6c9b2000-6ca00000 rw-p 00000000 00:00 0 
6ca00000-6cace000 rw-p 00000000 00:00 0 
6cace000-6cb00000 ---p 00000000 00:00 0 
6cb00000-6cbf6000 rw-p 00000000 00:00 0 
6cbf6000-6cc00000 ---p 00000000 00:00 0 
6cc00000-6cdeb000 rw-p 00000000 00:00 0 
6cdeb000-6ce00000 ---p 00000000 00:00 0 
6ce00000-6cebf000 rw-p 00000000 00:00 0 
6cebf000-6cf00000 ---p 00000000 00:00 0 
6cf0d000-6cf10000 ---p 00000000 00:00 0 
6cf10000-6cf5e000 rw-p 00000000 00:00 0 
6cf5e000-6cf61000 ---p 00000000 00:00 0 
6cf61000-6cfaf000 rw-p 00000000 00:00 0 
6cfaf000-6cfb2000 ---p 00000000 00:00 0 
6cfb2000-6d000000 rw-p 00000000 00:00 0 
6d000000-6d100000 rw-p 00000000 00:00 0 
6d138000-6d13b000 ---p 00000000 00:00 0 
6d13b000-6d189000 rw-p 00000000 00:00 0 
6d1af000-6d1b2000 ---p 00000000 00:00 0 
6d1b2000-6d200000 rw-p 00000000 00:00 0 
6d200000-6d2fb000 rw-p 00000000 00:00 0 
6d2fb000-6d300000 ---p 00000000 00:00 0 
6d300000-6d3f7000 rw-p 00000000 00:00 0 
6d3f7000-6d400000 ---p 00000000 00:00 0 
6d400000-6d500000 rw-p 00000000 00:00 0 
6d500000-6d5ea000 rw-p 00000000 00:00 0 
6d5ea000-6d600000 ---p 00000000 00:00 0 
6d600000-6d6f9000 rw-p 00000000 00:00 0 
6d6f9000-6d700000 ---p 00000000 00:00 0 
6d72c000-6d733000 r-xp 00000000 08:11 632268     /usr/lib/jvm/java-6-openjdk/jre/lib/i386/libnio.so
6d733000-6d734000 r--p 00006000 08:11 632268     /usr/lib/jvm/java-6-openjdk/jre/lib/i386/libnio.so
6d734000-6d735000 rw-p 00007000 08:11 632268     /usr/lib/jvm/java-6-openjdk/jre/lib/i386/libnio.so
6d735000-6d749000 r-xp 00000000 08:11 632295     /usr/lib/jvm/java-6-openjdk/jre/lib/i386/libnet.so
6d749000-6d74a000 r--p 00013000 08:11 632295     /usr/lib/jvm/java-6-openjdk/jre/lib/i386/libnet.so
6d74a000-6d74b000 rw-p 00014000 08:11 632295     /usr/lib/jvm/java-6-openjdk/jre/lib/i386/libnet.so
6d756000-6d75c000 r-xp 00000000 08:11 632290     /usr/lib/jvm/java-6-openjdk/jre/lib/i386/libmanagement.so
6d75c000-6d75d000 r--p 00005000 08:11 632290     /usr/lib/jvm/java-6-openjdk/jre/lib/i386/libmanagement.so
6d75d000-6d75e000 rw-p 00006000 08:11 632290     /usr/lib/jvm/java-6-openjdk/jre/lib/i386/libmanagement.so
6d75e000-6d761000 ---p 00000000 00:00 0 
6d761000-6d7af000 rw-p 00000000 00:00 0 
6d7af000-6d7b4000 r--s 00041000 08:11 1173305    /opt/play-1.2.4/framework/lib/commons-lang-2.6.jar
6d7b4000-6d7c3000 r--s 000d9000 08:11 1173322    /opt/play-1.2.4/framework/lib/ivy-2.2.0.jar
6d7c3000-6d7c8000 r--s 00020000 08:11 1173327    /opt/play-1.2.4/framework/lib/jj-imaging.jar
6d7c8000-6d7d1000 r--s 0006d000 08:11 1173337    /opt/play-1.2.4/framework/lib/log4j-1.2.16.jar
6d7d1000-6d7d3000 r--s 00015000 08:11 1173332    /opt/play-1.2.4/framework/lib/jregex-1.2_01.jar
6d7d3000-6d7d9000 r--s 00040000 08:11 1173339    /opt/play-1.2.4/framework/lib/memcached-2.6.jar
6d7d9000-6d7de000 r--s 0002e000 08:11 1173293    /opt/play-1.2.4/framework/lib/asm-all-3.3.1.jar
6d7de000-6d7e5000 r--s 00049000 08:11 1173343    /opt/play-1.2.4/framework/lib/oval-1.50.jar
6d7e5000-6d7e8000 r--s 0000f000 08:11 1173315    /opt/play-1.2.4/framework/lib/hibernate-commons-annotations-3.2.0.Final.jar
6d7e8000-6d7ea000 r--s 00015000 08:11 1173328    /opt/play-1.2.4/framework/lib/jj-simplecaptcha.jar
6d7ea000-6d7ec000 r--s 0000d000 08:11 1173302    /opt/play-1.2.4/framework/lib/commons-fileupload-1.2.2.jar
6d7ec000-6d811000 r--s 00172000 08:11 1173295    /opt/play-1.2.4/framework/lib/bcprov-jdk15-1.45.jar
6d811000-6d816000 r--s 00014000 08:11 1173321    /opt/play-1.2.4/framework/lib/hibernate-jpa-2.0-api-1.0.0.Final.jar
6d816000-6d821000 r--s 0005a000 08:11 1173349    /opt/play-1.2.4/framework/lib/xstream-1.3.jar
6d821000-6d824000 r--s 00022000 08:11 1173323    /opt/play-1.2.4/framework/lib/jamon-2.7.jar
6d824000-6d826000 r--s 0000c000 08:11 1173291    /opt/play-1.2.4/framework/lib/activation-1.1.1.jar
6d826000-6d850000 r--s 00427000 08:11 1173342    /opt/play-1.2.4/framework/lib/org.eclipse.jdt.core-3.8.0.v_C03.jar
6d850000-6d858000 r--s 0008a000 08:11 1173324    /opt/play-1.2.4/framework/lib/javassist-3.9.0.GA.jar
6d858000-6d867000 r--s 0007c000 08:11 1173331    /opt/play-1.2.4/framework/lib/joda-time-2.0.jar
6d867000-6d869000 r--s 00001000 08:11 1173333    /opt/play-1.2.4/framework/lib/jsr107cache-1.0.jar
6d869000-6d86e000 r--s 00034000 08:11 1173298    /opt/play-1.2.4/framework/lib/commons-beanutils-1.8.3.jar
6d86e000-6d87e000 r--s 000b2000 08:11 1173341    /opt/play-1.2.4/framework/lib/netty-3.2.5.Final.jar
6d87e000-6d885000 r--s 000b7000 08:11 1173340    /opt/play-1.2.4/framework/lib/mysql-connector-java-5.1.13.jar
6d885000-6d888000 r--s 0000f000 08:11 1173310    /opt/play-1.2.4/framework/lib/geronimo-servlet_2.5_spec-1.2.jar
6d888000-6d88d000 r--s 00048000 08:11 1173307    /opt/play-1.2.4/framework/lib/dom4j-1.6.1.jar
6d88d000-6d893000 r--s 00032000 08:11 1173326    /opt/play-1.2.4/framework/lib/jaxen-1.1.jar
6d893000-6d895000 r--s 0000d000 08:11 1173306    /opt/play-1.2.4/framework/lib/commons-logging-1.1.1.jar
6d895000-6d8e9000 r--s 00520000 08:11 1173311    /opt/play-1.2.4/framework/lib/groovy-all-1.7.10.jar
6d8e9000-6d8f3000 r--s 0006f000 08:11 1173308    /opt/play-1.2.4/framework/lib/ehcache-core-2.0.0.jar
6d8f3000-6d8f5000 r--s 0000e000 08:11 1173304    /opt/play-1.2.4/framework/lib/commons-javaflow-1066591.jar
6d8f5000-6d8f9000 r--s 00027000 08:11 1173312    /opt/play-1.2.4/framework/lib/gson-1.7.1.jar
6d8f9000-6d8fc000 r--s 00024000 08:11 1173303    /opt/play-1.2.4/framework/lib/commons-io-2.0.1.jar
6d8fc000-6d8fd000 r--s 00000000 08:11 1173325    /opt/play-1.2.4/framework/lib/javax.inject-1.0.jar
6d8fd000-6d903000 r--s 00067000 08:11 1173292    /opt/play-1.2.4/framework/lib/antlr-2.7.6.jar
6d903000-6d905000 r--s 00005000 08:11 1173346    /opt/play-1.2.4/framework/lib/slf4j-api-1.6.1.jar
6d905000-6d907000 r--s 00002000 08:11 1173334    /opt/play-1.2.4/framework/lib/jta-1.1.jar
6d907000-6d90e000 r--s 0004d000 08:11 1173294    /opt/play-1.2.4/framework/lib/async-http-client-1.6.5.jar
6d90e000-6d917000 r--s 0005d000 08:11 1173319    /opt/play-1.2.4/framework/lib/hibernate-entitymanager-3.6.0.Final.jar
6d917000-6d91d000 r--s 0007e000 08:11 1173344    /opt/play-1.2.4/framework/lib/postgresql-9.0.jar
6d91d000-6d91f000 r--s 00008000 08:11 1173345    /opt/play-1.2.4/framework/lib/signpost-core-1.2.jar
6d91f000-6d920000 r--s 00007000 08:11 1173301    /opt/play-1.2.4/framework/lib/commons-email-1.2.jar
6d920000-6d92e000 r--s 0007f000 08:11 1173300    /opt/play-1.2.4/framework/lib/commons-collections-3.2.1.jar
6d92e000-6d934000 r--s 00038000 08:11 1173348    /opt/play-1.2.4/framework/lib/snakeyaml-1.7.jar
6d934000-6d93a000 r--s 00034000 08:11 1173335    /opt/play-1.2.4/framework/lib/junit-4.8.1.jar
6d93a000-6d941000 r--s 0006a000 08:11 1173338    /opt/play-1.2.4/framework/lib/mail-1.4.3.jar
6d941000-6d973000 r--s 002c7000 08:11 1173317    /opt/play-1.2.4/framework/lib/hibernate-core-3.6.1.Final.jar
6d973000-6d97a000 r--s 00038000 08:11 1173330    /opt/play-1.2.4/framework/lib/jj-wikitext.jar
6d97a000-6d97d000 r--s 00011000 08:11 1173309    /opt/play-1.2.4/framework/lib/ezmorph-1.0.3.jar
6d97d000-6d97f000 r--s 0000d000 08:11 1173299    /opt/play-1.2.4/framework/lib/commons-codec-1.4.jar
6d97f000-6d980000 ---p 00000000 00:00 0 
6d980000-6da00000 rw-p 00000000 00:00 0 
6da00000-6dafe000 rw-p 00000000 00:00 0 
6dafe000-6db00000 ---p 00000000 00:00 0 
6db00000-6db06000 r--s 00049000 08:11 1173297    /opt/play-1.2.4/framework/lib/cglib-nodep-2.2.jar
6db06000-6db09000 ---p 00000000 00:00 0 
6db09000-6db57000 rw-p 00000000 00:00 0 
6db57000-6db5a000 ---p 00000000 00:00 0 
6db5a000-6dbd8000 rw-p 00000000 00:00 0 
6dbd8000-6dbdb000 ---p 00000000 00:00 0 
6dbdb000-6dc59000 rw-p 00000000 00:00 0 
6dc59000-6dc5c000 ---p 00000000 00:00 0 
6dc5c000-6dcab000 rw-p 00000000 00:00 0 
6dcab000-6dcae000 ---p 00000000 00:00 0 
6dcae000-6dcfc000 rw-p 00000000 00:00 0 
6dcfc000-6dcff000 ---p 00000000 00:00 0 
6dcff000-6dd4d000 rw-p 00000000 00:00 0 
6dd4d000-6dd50000 ---p 00000000 00:00 0 
6dd50000-6dd9e000 rw-p 00000000 00:00 0 
6dd9e000-6dda1000 ---p 00000000 00:00 0 
6dda1000-6ddef000 rw-p 00000000 00:00 0 
6ddef000-6ddf0000 ---p 00000000 00:00 0 
6ddf0000-6de70000 rw-p 00000000 00:00 0 
6de70000-6e000000 r--s 038c5000 08:11 533707     /usr/lib/jvm/java-6-openjdk/jre/lib/rt.jar
6e000000-6e0f6000 rw-p 00000000 00:00 0 
6e0f6000-6e100000 ---p 00000000 00:00 0 
6e101000-6e10c000 r--s 0008b000 08:11 1173296    /opt/play-1.2.4/framework/lib/c3p0-0.9.1.2.jar
6e10c000-6e10e000 r--s 0000b000 08:11 1173329    /opt/play-1.2.4/framework/lib/jj-textile.jar
6e10e000-6e119000 r--s 00124000 08:11 1173313    /opt/play-1.2.4/framework/lib/h2-1.3.149.jar
6e119000-6e11c000 r-xp 00000000 08:11 632292     /usr/lib/jvm/java-6-openjdk/jre/lib/i386/libdt_socket.so
6e11c000-6e11d000 r--p 00002000 08:11 632292     /usr/lib/jvm/java-6-openjdk/jre/lib/i386/libdt_socket.so
6e11d000-6e11e000 rw-p 00003000 08:11 632292     /usr/lib/jvm/java-6-openjdk/jre/lib/i386/libdt_socket.so
6e11e000-6e121000 r--s 0007d000 08:11 532514     /usr/lib/jvm/java-6-openjdk/jre/lib/jsse.jar
6e121000-6e12d000 r--s 000c2000 08:11 1173354    /opt/play-1.2.4/framework/play-1.2.4.jar
6e12d000-6e135000 r--s 00066000 08:11 302538     /usr/share/java/gnome-java-bridge.jar
6e135000-6e13a000 r--s 00045000 08:11 532531     /usr/lib/jvm/java-6-openjdk/jre/lib/netx.jar
6e13a000-6e16d000 rw-p 00000000 00:00 0 
6e16d000-6e16e000 ---p 00000000 00:00 0 
6e16e000-6e1ee000 rw-p 00000000 00:00 0 
6e1ee000-6e1ef000 ---p 00000000 00:00 0 
6e1ef000-6e26f000 rw-p 00000000 00:00 0 
6e26f000-6e270000 ---p 00000000 00:00 0 
6e270000-6e2f0000 rw-p 00000000 00:00 0 
6e2f0000-6e2f1000 ---p 00000000 00:00 0 
6e2f1000-6e380000 rw-p 00000000 00:00 0 
6e380000-6e3b1000 rw-p 00000000 00:00 0 
6e3b1000-6e3c6000 rw-p 00000000 00:00 0 
6e3c6000-6e4f7000 rw-p 00000000 00:00 0 
6e4f7000-6e506000 rw-p 00000000 00:00 0 
6e506000-6e537000 rw-p 00000000 00:00 0 
6e537000-6e54c000 rw-p 00000000 00:00 0 
6e54c000-6e67c000 rw-p 00000000 00:00 0 
6e67c000-6e685000 rw-p 00000000 00:00 0 
6e685000-6e689000 ---p 00000000 00:00 0 
6e689000-6e71f000 rw-p 00000000 00:00 0 
6e71f000-704e0000 rw-p 00000000 00:00 0 
704e0000-76720000 rw-p 00000000 00:00 0 
76720000-78fc0000 rw-p 00000000 00:00 0 
78fc0000-9f1d0000 rw-p 00000000 00:00 0 
9f1d0000-a01c0000 rw-p 00000000 00:00 0 
a01c0000-a09f0000 ---p 00000000 00:00 0 
a09f0000-b3720000 rw-p 00000000 00:00 0 
b3721000-b3730000 rw-p 00000000 00:00 0 
b3730000-b37e1000 rw-p 00000000 00:00 0 
b37e1000-b3b89000 rwxp 00000000 00:00 0 
b3b89000-b67e1000 rw-p 00000000 00:00 0 
b67e1000-b67eb000 r-xp 00000000 08:11 197731     /lib/libnss_files-2.12.1.so
b67eb000-b67ec000 r--p 00009000 08:11 197731     /lib/libnss_files-2.12.1.so
b67ec000-b67ed000 rw-p 0000a000 08:11 197731     /lib/libnss_files-2.12.1.so
b67ed000-b67f6000 r-xp 00000000 08:11 197996     /lib/libnss_nis-2.12.1.so
b67f6000-b67f7000 r--p 00008000 08:11 197996     /lib/libnss_nis-2.12.1.so
b67f7000-b67f8000 rw-p 00009000 08:11 197996     /lib/libnss_nis-2.12.1.so
b67f8000-b67fe000 r-xp 00000000 08:11 198033     /lib/libnss_compat-2.12.1.so
b67fe000-b67ff000 r--p 00006000 08:11 198033     /lib/libnss_compat-2.12.1.so
b67ff000-b6800000 rw-p 00007000 08:11 198033     /lib/libnss_compat-2.12.1.so
b6801000-b6804000 r--s 0000f000 08:11 533698     /usr/lib/jvm/java-6-openjdk/jre/lib/ext/pulse-java.jar
b6804000-b680a000 r-xp 00000000 08:11 632269     /usr/lib/jvm/java-6-openjdk/jre/lib/i386/libzip.so
b680a000-b680b000 r--p 00005000 08:11 632269     /usr/lib/jvm/java-6-openjdk/jre/lib/i386/libzip.so
b680b000-b680c000 rw-p 00006000 08:11 632269     /usr/lib/jvm/java-6-openjdk/jre/lib/i386/libzip.so
b680c000-b6814000 rw-s 00000000 08:11 3580045    /tmp/hsperfdata_axel/3647
b6814000-b6a14000 r--p 00000000 08:11 213248     /usr/lib/locale/locale-archive
b6a14000-b6a17000 r-xp 00000000 08:11 632263     /usr/lib/jvm/java-6-openjdk/jre/lib/i386/libnpt.so
b6a17000-b6a18000 r--p 00002000 08:11 632263     /usr/lib/jvm/java-6-openjdk/jre/lib/i386/libnpt.so
b6a18000-b6a19000 rw-p 00003000 08:11 632263     /usr/lib/jvm/java-6-openjdk/jre/lib/i386/libnpt.so
b6a19000-b6a4f000 r-xp 00000000 08:11 632293     /usr/lib/jvm/java-6-openjdk/jre/lib/i386/libjdwp.so
b6a4f000-b6a50000 r--p 00035000 08:11 632293     /usr/lib/jvm/java-6-openjdk/jre/lib/i386/libjdwp.so
b6a50000-b6a51000 rw-p 00036000 08:11 632293     /usr/lib/jvm/java-6-openjdk/jre/lib/i386/libjdwp.so
b6a51000-b6a64000 r-xp 00000000 08:11 197998     /lib/libnsl-2.12.1.so
b6a64000-b6a65000 r--p 00012000 08:11 197998     /lib/libnsl-2.12.1.so
b6a65000-b6a66000 rw-p 00013000 08:11 197998     /lib/libnsl-2.12.1.so
b6a66000-b6a68000 rw-p 00000000 00:00 0 
b6a69000-b6a72000 r-xp 00000000 08:11 632291     /usr/lib/jvm/java-6-openjdk/jre/lib/i386/libinstrument.so
b6a72000-b6a73000 r--p 00008000 08:11 632291     /usr/lib/jvm/java-6-openjdk/jre/lib/i386/libinstrument.so
b6a73000-b6a74000 rw-p 00009000 08:11 632291     /usr/lib/jvm/java-6-openjdk/jre/lib/i386/libinstrument.so
b6a74000-b6a7a000 r-xp 00000000 08:11 632280     /usr/lib/jvm/java-6-openjdk/jre/lib/i386/native_threads/libhpi.so
b6a7a000-b6a7b000 r--p 00005000 08:11 632280     /usr/lib/jvm/java-6-openjdk/jre/lib/i386/native_threads/libhpi.so
b6a7b000-b6a7c000 rw-p 00006000 08:11 632280     /usr/lib/jvm/java-6-openjdk/jre/lib/i386/native_threads/libhpi.so
b6a7c000-b6a9e000 r-xp 00000000 08:11 632264     /usr/lib/jvm/java-6-openjdk/jre/lib/i386/libjava.so
b6a9e000-b6a9f000 r--p 00021000 08:11 632264     /usr/lib/jvm/java-6-openjdk/jre/lib/i386/libjava.so
b6a9f000-b6aa1000 rw-p 00022000 08:11 632264     /usr/lib/jvm/java-6-openjdk/jre/lib/i386/libjava.so
b6aa1000-b6aa8000 r-xp 00000000 08:11 197849     /lib/librt-2.12.1.so
b6aa8000-b6aa9000 r--p 00006000 08:11 197849     /lib/librt-2.12.1.so
b6aa9000-b6aaa000 rw-p 00007000 08:11 197849     /lib/librt-2.12.1.so
b6aaa000-b6aad000 ---p 00000000 00:00 0 
b6aad000-b6afb000 rw-p 00000000 00:00 0 
b6afb000-b6b1f000 r-xp 00000000 08:11 198001     /lib/libm-2.12.1.so
b6b1f000-b6b20000 r--p 00023000 08:11 198001     /lib/libm-2.12.1.so
b6b20000-b6b21000 rw-p 00024000 08:11 198001     /lib/libm-2.12.1.so
b6b21000-b71e6000 r-xp 00000000 08:11 632279     /usr/lib/jvm/java-6-openjdk/jre/lib/i386/server/libjvm.so
b71e6000-b722b000 r--p 006c4000 08:11 632279     /usr/lib/jvm/java-6-openjdk/jre/lib/i386/server/libjvm.so
b722b000-b723a000 rw-p 00709000 08:11 632279     /usr/lib/jvm/java-6-openjdk/jre/lib/i386/server/libjvm.so
b723a000-b765b000 rw-p 00000000 00:00 0 
b765b000-b77b2000 r-xp 00000000 08:11 198034     /lib/libc-2.12.1.so
b77b2000-b77b4000 r--p 00157000 08:11 198034     /lib/libc-2.12.1.so
b77b4000-b77b5000 rw-p 00159000 08:11 198034     /lib/libc-2.12.1.so
b77b5000-b77b8000 rw-p 00000000 00:00 0 
b77b8000-b77ba000 r-xp 00000000 08:11 197812     /lib/libdl-2.12.1.so
b77ba000-b77bb000 r--p 00001000 08:11 197812     /lib/libdl-2.12.1.so
b77bb000-b77bc000 rw-p 00002000 08:11 197812     /lib/libdl-2.12.1.so
b77bc000-b77bf000 r-xp 00000000 08:11 632272     /usr/lib/jvm/java-6-openjdk/jre/lib/i386/jli/libjli.so
b77bf000-b77c0000 r--p 00002000 08:11 632272     /usr/lib/jvm/java-6-openjdk/jre/lib/i386/jli/libjli.so
b77c0000-b77c1000 rw-p 00003000 08:11 632272     /usr/lib/jvm/java-6-openjdk/jre/lib/i386/jli/libjli.so
b77c1000-b77d6000 r-xp 00000000 08:11 198040     /lib/libpthread-2.12.1.so
b77d6000-b77d7000 ---p 00015000 08:11 198040     /lib/libpthread-2.12.1.so
b77d7000-b77d8000 r--p 00015000 08:11 198040     /lib/libpthread-2.12.1.so
b77d8000-b77d9000 rw-p 00016000 08:11 198040     /lib/libpthread-2.12.1.so
b77d9000-b77dc000 rw-p 00000000 00:00 0 
b77dc000-b77ef000 r-xp 00000000 08:11 1564867    /lib/libz.so.1.2.3.4
b77ef000-b77f0000 r--p 00012000 08:11 1564867    /lib/libz.so.1.2.3.4
b77f0000-b77f1000 rw-p 00013000 08:11 1564867    /lib/libz.so.1.2.3.4
b77f1000-b77f2000 r--s 00002000 08:11 1173347    /opt/play-1.2.4/framework/lib/slf4j-log4j12-1.6.1.jar
b77f2000-b77f4000 r--s 0001d000 08:11 532527     /usr/lib/jvm/java-6-openjdk/jre/lib/plugin.jar
b77f4000-b77f5000 r--p 002a7000 08:11 213248     /usr/lib/locale/locale-archive
b77f5000-b77f6000 rw-p 00000000 00:00 0 
b77f6000-b77f7000 r--p 00000000 00:00 0 
b77f7000-b7802000 r-xp 00000000 08:11 632287     /usr/lib/jvm/java-6-openjdk/jre/lib/i386/libverify.so
b7802000-b7803000 ---p 0000b000 08:11 632287     /usr/lib/jvm/java-6-openjdk/jre/lib/i386/libverify.so
b7803000-b7804000 r--p 0000b000 08:11 632287     /usr/lib/jvm/java-6-openjdk/jre/lib/i386/libverify.so
b7804000-b7805000 rw-p 0000c000 08:11 632287     /usr/lib/jvm/java-6-openjdk/jre/lib/i386/libverify.so
b7805000-b7807000 rw-p 00000000 00:00 0 
b7807000-b7808000 r-xp 00000000 00:00 0          [vdso]
b7808000-b7824000 r-xp 00000000 08:11 197719     /lib/ld-2.12.1.so
b7824000-b7825000 r--p 0001b000 08:11 197719     /lib/ld-2.12.1.so
b7825000-b7826000 rw-p 0001c000 08:11 197719     /lib/ld-2.12.1.so
bfe49000-bfe6b000 rw-p 00000000 00:00 0          [stack]

VM Arguments:
jvm_args: -Xdebug -Xrunjdwp:transport=dt_socket,address=0,server=y,suspend=n -Dplay.debug=yes -Dplay.id= -Dapplication.path=/home/axel/Transat/git/server -Djava.endorsed.dirs=/opt/play-1.2.4/framework/endorsed -javaagent:/opt/play-1.2.4/framework/play-1.2.4.jar -Dfile.encoding=UTF-8 
java_command: play.server.Server
Launcher Type: SUN_STANDARD

Environment Variables:
PATH=/usr/local/sbin:/usr/local/bin:/usr/sbin:/usr/bin:/sbin:/bin:/usr/games
USERNAME=axel
LD_LIBRARY_PATH=/usr/lib/jvm/java-6-openjdk/jre/lib/i386/server:/usr/lib/jvm/java-6-openjdk/jre/lib/i386:/usr/lib/jvm/java-6-openjdk/jre/../lib/i386:/usr/lib/jvm/java-6-openjdk/jre/lib/i386/client:/usr/lib/jvm/java-6-openjdk/jre/lib/i386:
SHELL=/bin/bash
DISPLAY=:0.0

Signal Handlers:
SIGSEGV: [libjvm.so+0x6498a0], sa_mask[0]=0x7ffbfeff, sa_flags=0x10000004
SIGBUS: [libjvm.so+0x6498a0], sa_mask[0]=0x7ffbfeff, sa_flags=0x10000004
SIGFPE: [libjvm.so+0x51bb40], sa_mask[0]=0x7ffbfeff, sa_flags=0x10000004
SIGPIPE: [libjvm.so+0x51bb40], sa_mask[0]=0x7ffbfeff, sa_flags=0x10000004
SIGXFSZ: [libjvm.so+0x51bb40], sa_mask[0]=0x7ffbfeff, sa_flags=0x10000004
SIGILL: [libjvm.so+0x51bb40], sa_mask[0]=0x7ffbfeff, sa_flags=0x10000004
SIGUSR1: SIG_DFL, sa_mask[0]=0x00000000, sa_flags=0x00000000
SIGUSR2: [libjvm.so+0x51b1f0], sa_mask[0]=0x00000004, sa_flags=0x10000004
SIGHUP: [libjvm.so+0x51dd60], sa_mask[0]=0x7ffbfeff, sa_flags=0x10000004
SIGINT: [libjvm.so+0x51dd60], sa_mask[0]=0x7ffbfeff, sa_flags=0x10000004
SIGTERM: [libjvm.so+0x51dd60], sa_mask[0]=0x7ffbfeff, sa_flags=0x10000004
SIGQUIT: [libjvm.so+0x51dd60], sa_mask[0]=0x7ffbfeff, sa_flags=0x10000004


---------------  S Y S T E M  ---------------

OS:Ubuntu 10.10 (maverick)
uname:Linux 2.6.35-32-generic-pae #66-Ubuntu SMP Mon Feb 13 21:21:45 UTC 2012 i686
libc:glibc 2.12.1 NPTL 2.12.1 
rlimit: STACK 8192k, CORE 0k, NPROC infinity, NOFILE 1024, AS infinity
load average:0,07 0,08 0,06

/proc/meminfo:
MemTotal:        3990416 kB
MemFree:          696752 kB
Buffers:          668020 kB
Cached:          1230504 kB
SwapCached:            0 kB
Active:          1396136 kB
Inactive:        1519028 kB
Active(anon):     902552 kB
Inactive(anon):   125996 kB
Active(file):     493584 kB
Inactive(file):  1393032 kB
Unevictable:           0 kB
Mlocked:               0 kB
HighTotal:       3145608 kB
HighFree:         687556 kB
LowTotal:         844808 kB
LowFree:            9196 kB
SwapTotal:       3903788 kB
SwapFree:        3903788 kB
Dirty:               320 kB
Writeback:             0 kB
AnonPages:       1016672 kB
Mapped:           219704 kB
Shmem:             11908 kB
Slab:             113180 kB
SReclaimable:      90224 kB
SUnreclaim:        22956 kB
KernelStack:        3344 kB
PageTables:         8060 kB
NFS_Unstable:          0 kB
Bounce:                0 kB
WritebackTmp:          0 kB
CommitLimit:     5898996 kB
Committed_AS:    2312628 kB
VmallocTotal:     122880 kB
VmallocUsed:       52980 kB
VmallocChunk:      66680 kB
HardwareCorrupted:     0 kB
HugePages_Total:       0
HugePages_Free:        0
HugePages_Rsvd:        0
HugePages_Surp:        0
Hugepagesize:       2048 kB
DirectMap4k:        8184 kB
DirectMap2M:      905216 kB


CPU:total 4 (2 cores per cpu, 2 threads per core) family 6 model 37 stepping 2, cmov, cx8, fxsr, mmx, sse, sse2, sse3, ssse3, sse4.1, sse4.2, popcnt, ht

Memory: 4k page, physical 3990416k(696752k free), swap 3903788k(3903788k free)

vm_info: OpenJDK Server VM (19.0-b09) for linux-x86 JRE (1.6.0_20-b20), built on Feb 18 2012 07:29:49 by "buildd" with gcc 4.4.5

time: Wed Mar 14 16:56:28 2012
elapsed time: 4183 seconds

